mode: set
calmind/service/jwt_service.go:27.54,29.2 1 1
calmind/service/jwt_service.go:30.102,31.30 1 1
calmind/service/jwt_service.go:31.30,33.3 1 1
calmind/service/jwt_service.go:35.2,48.16 4 1
calmind/service/jwt_service.go:48.16,50.3 1 1
calmind/service/jwt_service.go:51.2,51.15 1 1
calmind/service/otp_service.go:16.33,18.2 1 1
calmind/service/otp_service.go:20.47,25.2 4 1
calmind/service/otp_service.go:27.62,29.2 1 0
calmind/usecase/customer_service/custservice_usecase.go:17.86,19.2 1 1
calmind/usecase/customer_service/custservice_usecase.go:21.84,28.2 2 1
calmind/usecase/customer_service/custservice_usecase.go:30.77,32.2 1 1
